{"C:\\Users\\Kinzi\\Desktop\\omo\\mentome\\MentoMeFront\\ibar\\components\\user\\user.spec.js":{"path":"C:\\Users\\Kinzi\\Desktop\\omo\\mentome\\MentoMeFront\\ibar\\components\\user\\user.spec.js","s":{"1":1,"2":1,"3":1,"4":1,"5":1,"6":1,"7":1,"8":1,"9":1,"10":1,"11":1,"12":1,"13":1,"14":1,"15":1,"16":1,"17":0,"18":1,"19":1,"20":1,"21":1,"22":0,"23":1,"24":1,"25":1,"26":1,"27":1,"28":1,"29":1,"30":1,"31":1,"32":1,"33":1,"34":1,"35":1,"36":1,"37":1,"38":1,"39":1,"40":1,"41":1,"42":1,"43":1,"44":1,"45":1,"46":1,"47":1,"48":1,"49":1,"50":1,"51":1,"52":1,"53":1,"54":1,"55":1,"56":1,"57":1,"58":1,"59":1,"60":1,"61":1,"62":1,"63":1,"64":1,"65":1,"66":1,"67":1,"68":1,"69":1,"70":1,"71":1,"72":1,"73":1,"74":1,"75":1,"76":1,"77":1,"78":1,"79":1,"80":1,"81":1,"82":1,"83":1,"84":1,"85":1,"86":1,"87":1,"88":1,"89":1,"90":1,"91":1,"92":1,"93":1,"94":1,"95":1,"96":1,"97":1,"98":0,"99":0,"100":0,"101":0,"102":1,"103":1,"104":0,"105":0,"106":0,"107":1,"108":1,"109":1,"110":1,"111":1,"112":1,"113":1,"114":1,"115":1,"116":1,"117":1,"118":1,"119":1,"120":1,"121":1,"122":1,"123":1,"124":1,"125":1,"126":1,"127":1,"128":1,"129":6,"130":6,"131":6,"132":1,"133":6,"134":6},"b":{},"f":{"1":1,"2":1,"3":1,"4":1,"5":1,"6":1,"7":1,"8":1,"9":1,"10":1,"11":1,"12":1,"13":1,"14":1,"15":1,"16":1,"17":1,"18":1,"19":1,"20":1,"21":1,"22":1,"23":1,"24":1,"25":1,"26":1,"27":1,"28":1,"29":1,"30":1,"31":1,"32":1,"33":1,"34":1,"35":0,"36":1,"37":0,"38":1,"39":1,"40":1,"41":1,"42":1,"43":1,"44":1,"45":1,"46":6,"47":6,"48":6},"fnMap":{"1":{"name":"(anonymous_1)","line":14,"loc":{"start":{"line":14,"column":32},"end":{"line":14,"column":42}}},"2":{"name":"(anonymous_2)","line":29,"loc":{"start":{"line":29,"column":43},"end":{"line":29,"column":57}}},"3":{"name":"(anonymous_3)","line":33,"loc":{"start":{"line":33,"column":15},"end":{"line":33,"column":32}}},"4":{"name":"(anonymous_4)","line":39,"loc":{"start":{"line":39,"column":43},"end":{"line":39,"column":57}}},"5":{"name":"(anonymous_5)","line":43,"loc":{"start":{"line":43,"column":13},"end":{"line":43,"column":30}}},"6":{"name":"(anonymous_6)","line":50,"loc":{"start":{"line":50,"column":56},"end":{"line":50,"column":70}}},"7":{"name":"(anonymous_7)","line":54,"loc":{"start":{"line":54,"column":13},"end":{"line":54,"column":30}}},"8":{"name":"(anonymous_8)","line":63,"loc":{"start":{"line":63,"column":27},"end":{"line":63,"column":37}}},"9":{"name":"(anonymous_9)","line":74,"loc":{"start":{"line":74,"column":45},"end":{"line":74,"column":59}}},"10":{"name":"(anonymous_10)","line":79,"loc":{"start":{"line":79,"column":13},"end":{"line":79,"column":31}}},"11":{"name":"(anonymous_11)","line":86,"loc":{"start":{"line":86,"column":44},"end":{"line":86,"column":58}}},"12":{"name":"(anonymous_12)","line":91,"loc":{"start":{"line":91,"column":13},"end":{"line":91,"column":30}}},"13":{"name":"(anonymous_13)","line":100,"loc":{"start":{"line":100,"column":35},"end":{"line":100,"column":45}}},"14":{"name":"(anonymous_14)","line":104,"loc":{"start":{"line":104,"column":33},"end":{"line":104,"column":43}}},"15":{"name":"(anonymous_15)","line":108,"loc":{"start":{"line":108,"column":33},"end":{"line":108,"column":47}}},"16":{"name":"(anonymous_16)","line":111,"loc":{"start":{"line":111,"column":13},"end":{"line":111,"column":30}}},"17":{"name":"(anonymous_17)","line":122,"loc":{"start":{"line":122,"column":30},"end":{"line":122,"column":40}}},"18":{"name":"(anonymous_18)","line":127,"loc":{"start":{"line":127,"column":37},"end":{"line":127,"column":47}}},"19":{"name":"(anonymous_19)","line":128,"loc":{"start":{"line":128,"column":34},"end":{"line":128,"column":48}}},"20":{"name":"(anonymous_20)","line":132,"loc":{"start":{"line":132,"column":17},"end":{"line":132,"column":35}}},"21":{"name":"(anonymous_21)","line":140,"loc":{"start":{"line":140,"column":32},"end":{"line":140,"column":42}}},"22":{"name":"(anonymous_22)","line":141,"loc":{"start":{"line":141,"column":47},"end":{"line":141,"column":61}}},"23":{"name":"(anonymous_23)","line":145,"loc":{"start":{"line":145,"column":17},"end":{"line":145,"column":35}}},"24":{"name":"(anonymous_24)","line":153,"loc":{"start":{"line":153,"column":31},"end":{"line":153,"column":41}}},"25":{"name":"(anonymous_25)","line":158,"loc":{"start":{"line":158,"column":37},"end":{"line":158,"column":51}}},"26":{"name":"(anonymous_26)","line":163,"loc":{"start":{"line":163,"column":17},"end":{"line":163,"column":35}}},"27":{"name":"(anonymous_27)","line":173,"loc":{"start":{"line":173,"column":31},"end":{"line":173,"column":41}}},"28":{"name":"(anonymous_28)","line":178,"loc":{"start":{"line":178,"column":41},"end":{"line":178,"column":55}}},"29":{"name":"(anonymous_29)","line":182,"loc":{"start":{"line":182,"column":17},"end":{"line":182,"column":35}}},"30":{"name":"(anonymous_30)","line":193,"loc":{"start":{"line":193,"column":25},"end":{"line":193,"column":35}}},"31":{"name":"(anonymous_31)","line":194,"loc":{"start":{"line":194,"column":33},"end":{"line":194,"column":47}}},"32":{"name":"(anonymous_32)","line":196,"loc":{"start":{"line":196,"column":13},"end":{"line":196,"column":30}}},"33":{"name":"(anonymous_33)","line":205,"loc":{"start":{"line":205,"column":30},"end":{"line":205,"column":40}}},"34":{"name":"(anonymous_34)","line":208,"loc":{"start":{"line":208,"column":28},"end":{"line":208,"column":42}}},"35":{"name":"(anonymous_35)","line":213,"loc":{"start":{"line":213,"column":13},"end":{"line":213,"column":30}}},"36":{"name":"(anonymous_36)","line":220,"loc":{"start":{"line":220,"column":32},"end":{"line":220,"column":46}}},"37":{"name":"(anonymous_37)","line":224,"loc":{"start":{"line":224,"column":13},"end":{"line":224,"column":30}}},"38":{"name":"(anonymous_38)","line":232,"loc":{"start":{"line":232,"column":29},"end":{"line":232,"column":39}}},"39":{"name":"(anonymous_39)","line":236,"loc":{"start":{"line":236,"column":28},"end":{"line":236,"column":42}}},"40":{"name":"(anonymous_40)","line":241,"loc":{"start":{"line":241,"column":13},"end":{"line":241,"column":30}}},"41":{"name":"(anonymous_41)","line":250,"loc":{"start":{"line":250,"column":48},"end":{"line":250,"column":62}}},"42":{"name":"(anonymous_42)","line":255,"loc":{"start":{"line":255,"column":13},"end":{"line":255,"column":30}}},"43":{"name":"loginStudent","line":269,"loc":{"start":{"line":269,"column":0},"end":{"line":269,"column":23}}},"44":{"name":"(anonymous_44)","line":274,"loc":{"start":{"line":274,"column":11},"end":{"line":274,"column":26}}},"45":{"name":"onResponse","line":280,"loc":{"start":{"line":280,"column":8},"end":{"line":280,"column":38}}},"46":{"name":"loginUser","line":289,"loc":{"start":{"line":289,"column":0},"end":{"line":289,"column":21}}},"47":{"name":"(anonymous_47)","line":294,"loc":{"start":{"line":294,"column":11},"end":{"line":294,"column":26}}},"48":{"name":"onResponse","line":300,"loc":{"start":{"line":300,"column":8},"end":{"line":300,"column":38}}}},"statementMap":{"1":{"start":{"line":1,"column":0},"end":{"line":1,"column":27}},"2":{"start":{"line":2,"column":0},"end":{"line":2,"column":31}},"3":{"start":{"line":3,"column":0},"end":{"line":3,"column":35}},"4":{"start":{"line":4,"column":0},"end":{"line":4,"column":26}},"5":{"start":{"line":5,"column":0},"end":{"line":5,"column":25}},"6":{"start":{"line":6,"column":0},"end":{"line":9,"column":4}},"7":{"start":{"line":11,"column":2},"end":{"line":11,"column":15}},"8":{"start":{"line":12,"column":2},"end":{"line":12,"column":16}},"9":{"start":{"line":13,"column":2},"end":{"line":13,"column":17}},"10":{"start":{"line":14,"column":2},"end":{"line":61,"column":4}},"11":{"start":{"line":15,"column":6},"end":{"line":21,"column":7}},"12":{"start":{"line":22,"column":6},"end":{"line":28,"column":5}},"13":{"start":{"line":29,"column":6},"end":{"line":38,"column":8}},"14":{"start":{"line":30,"column":10},"end":{"line":37,"column":12}},"15":{"start":{"line":34,"column":14},"end":{"line":34,"column":53}},"16":{"start":{"line":35,"column":14},"end":{"line":35,"column":50}},"17":{"start":{"line":36,"column":14},"end":{"line":36,"column":21}},"18":{"start":{"line":39,"column":6},"end":{"line":49,"column":6}},"19":{"start":{"line":40,"column":8},"end":{"line":47,"column":10}},"20":{"start":{"line":44,"column":12},"end":{"line":44,"column":51}},"21":{"start":{"line":45,"column":12},"end":{"line":45,"column":48}},"22":{"start":{"line":46,"column":12},"end":{"line":46,"column":19}},"23":{"start":{"line":50,"column":4},"end":{"line":60,"column":6}},"24":{"start":{"line":51,"column":8},"end":{"line":58,"column":10}},"25":{"start":{"line":55,"column":12},"end":{"line":55,"column":51}},"26":{"start":{"line":56,"column":12},"end":{"line":56,"column":49}},"27":{"start":{"line":57,"column":12},"end":{"line":57,"column":18}},"28":{"start":{"line":63,"column":0},"end":{"line":99,"column":2}},"29":{"start":{"line":64,"column":4},"end":{"line":67,"column":5}},"30":{"start":{"line":68,"column":4},"end":{"line":71,"column":5}},"31":{"start":{"line":72,"column":4},"end":{"line":72,"column":40}},"32":{"start":{"line":74,"column":4},"end":{"line":85,"column":6}},"33":{"start":{"line":76,"column":8},"end":{"line":84,"column":10}},"34":{"start":{"line":80,"column":12},"end":{"line":80,"column":52}},"35":{"start":{"line":81,"column":12},"end":{"line":81,"column":49}},"36":{"start":{"line":82,"column":12},"end":{"line":82,"column":92}},"37":{"start":{"line":83,"column":12},"end":{"line":83,"column":18}},"38":{"start":{"line":86,"column":4},"end":{"line":97,"column":6}},"39":{"start":{"line":88,"column":8},"end":{"line":96,"column":10}},"40":{"start":{"line":92,"column":12},"end":{"line":92,"column":52}},"41":{"start":{"line":93,"column":12},"end":{"line":93,"column":49}},"42":{"start":{"line":94,"column":12},"end":{"line":94,"column":97}},"43":{"start":{"line":95,"column":12},"end":{"line":95,"column":18}},"44":{"start":{"line":100,"column":0},"end":{"line":103,"column":2}},"45":{"start":{"line":101,"column":4},"end":{"line":101,"column":43}},"46":{"start":{"line":104,"column":0},"end":{"line":120,"column":3}},"47":{"start":{"line":107,"column":4},"end":{"line":107,"column":28}},"48":{"start":{"line":108,"column":4},"end":{"line":119,"column":6}},"49":{"start":{"line":109,"column":8},"end":{"line":118,"column":10}},"50":{"start":{"line":113,"column":12},"end":{"line":113,"column":52}},"51":{"start":{"line":114,"column":12},"end":{"line":114,"column":49}},"52":{"start":{"line":116,"column":12},"end":{"line":116,"column":19}},"53":{"start":{"line":122,"column":0},"end":{"line":192,"column":3}},"54":{"start":{"line":123,"column":4},"end":{"line":123,"column":14}},"55":{"start":{"line":124,"column":4},"end":{"line":126,"column":5}},"56":{"start":{"line":127,"column":4},"end":{"line":139,"column":7}},"57":{"start":{"line":128,"column":8},"end":{"line":138,"column":10}},"58":{"start":{"line":129,"column":12},"end":{"line":137,"column":14}},"59":{"start":{"line":133,"column":16},"end":{"line":133,"column":53}},"60":{"start":{"line":134,"column":16},"end":{"line":134,"column":52}},"61":{"start":{"line":135,"column":16},"end":{"line":135,"column":42}},"62":{"start":{"line":136,"column":16},"end":{"line":136,"column":23}},"63":{"start":{"line":140,"column":4},"end":{"line":152,"column":6}},"64":{"start":{"line":141,"column":8},"end":{"line":151,"column":10}},"65":{"start":{"line":142,"column":12},"end":{"line":150,"column":14}},"66":{"start":{"line":146,"column":16},"end":{"line":146,"column":53}},"67":{"start":{"line":147,"column":16},"end":{"line":147,"column":52}},"68":{"start":{"line":148,"column":16},"end":{"line":148,"column":23}},"69":{"start":{"line":153,"column":4},"end":{"line":171,"column":6}},"70":{"start":{"line":154,"column":8},"end":{"line":156,"column":9}},"71":{"start":{"line":157,"column":8},"end":{"line":157,"column":32}},"72":{"start":{"line":158,"column":8},"end":{"line":170,"column":10}},"73":{"start":{"line":159,"column":12},"end":{"line":169,"column":14}},"74":{"start":{"line":165,"column":16},"end":{"line":165,"column":53}},"75":{"start":{"line":166,"column":16},"end":{"line":166,"column":52}},"76":{"start":{"line":167,"column":16},"end":{"line":167,"column":42}},"77":{"start":{"line":168,"column":16},"end":{"line":168,"column":23}},"78":{"start":{"line":173,"column":4},"end":{"line":189,"column":6}},"79":{"start":{"line":174,"column":8},"end":{"line":176,"column":9}},"80":{"start":{"line":177,"column":8},"end":{"line":177,"column":32}},"81":{"start":{"line":178,"column":8},"end":{"line":188,"column":10}},"82":{"start":{"line":179,"column":12},"end":{"line":187,"column":14}},"83":{"start":{"line":184,"column":16},"end":{"line":184,"column":53}},"84":{"start":{"line":185,"column":16},"end":{"line":185,"column":57}},"85":{"start":{"line":186,"column":16},"end":{"line":186,"column":23}},"86":{"start":{"line":193,"column":0},"end":{"line":204,"column":2}},"87":{"start":{"line":194,"column":4},"end":{"line":203,"column":6}},"88":{"start":{"line":195,"column":8},"end":{"line":202,"column":10}},"89":{"start":{"line":197,"column":12},"end":{"line":197,"column":52}},"90":{"start":{"line":198,"column":12},"end":{"line":198,"column":58}},"91":{"start":{"line":199,"column":12},"end":{"line":199,"column":56}},"92":{"start":{"line":200,"column":12},"end":{"line":200,"column":34}},"93":{"start":{"line":201,"column":12},"end":{"line":201,"column":19}},"94":{"start":{"line":205,"column":0},"end":{"line":230,"column":2}},"95":{"start":{"line":207,"column":4},"end":{"line":207,"column":28}},"96":{"start":{"line":208,"column":4},"end":{"line":219,"column":6}},"97":{"start":{"line":209,"column":8},"end":{"line":218,"column":10}},"98":{"start":{"line":214,"column":12},"end":{"line":214,"column":52}},"99":{"start":{"line":215,"column":12},"end":{"line":215,"column":48}},"100":{"start":{"line":216,"column":12},"end":{"line":216,"column":53}},"101":{"start":{"line":217,"column":12},"end":{"line":217,"column":19}},"102":{"start":{"line":220,"column":4},"end":{"line":229,"column":6}},"103":{"start":{"line":221,"column":8},"end":{"line":228,"column":10}},"104":{"start":{"line":225,"column":9},"end":{"line":225,"column":31}},"105":{"start":{"line":226,"column":12},"end":{"line":226,"column":52}},"106":{"start":{"line":227,"column":12},"end":{"line":227,"column":19}},"107":{"start":{"line":232,"column":0},"end":{"line":263,"column":2}},"108":{"start":{"line":233,"column":4},"end":{"line":233,"column":31}},"109":{"start":{"line":234,"column":4},"end":{"line":234,"column":23}},"110":{"start":{"line":235,"column":4},"end":{"line":235,"column":27}},"111":{"start":{"line":236,"column":4},"end":{"line":248,"column":6}},"112":{"start":{"line":237,"column":8},"end":{"line":246,"column":10}},"113":{"start":{"line":243,"column":12},"end":{"line":243,"column":52}},"114":{"start":{"line":244,"column":12},"end":{"line":244,"column":48}},"115":{"start":{"line":245,"column":12},"end":{"line":245,"column":19}},"116":{"start":{"line":250,"column":4},"end":{"line":262,"column":6}},"117":{"start":{"line":251,"column":8},"end":{"line":260,"column":10}},"118":{"start":{"line":257,"column":12},"end":{"line":257,"column":52}},"119":{"start":{"line":258,"column":12},"end":{"line":258,"column":49}},"120":{"start":{"line":259,"column":12},"end":{"line":259,"column":19}},"121":{"start":{"line":269,"column":0},"end":{"line":286,"column":1}},"122":{"start":{"line":270,"column":4},"end":{"line":273,"column":5}},"123":{"start":{"line":274,"column":4},"end":{"line":285,"column":6}},"124":{"start":{"line":275,"column":8},"end":{"line":278,"column":29}},"125":{"start":{"line":280,"column":8},"end":{"line":284,"column":9}},"126":{"start":{"line":282,"column":12},"end":{"line":282,"column":43}},"127":{"start":{"line":283,"column":12},"end":{"line":283,"column":26}},"128":{"start":{"line":289,"column":0},"end":{"line":306,"column":1}},"129":{"start":{"line":290,"column":4},"end":{"line":293,"column":5}},"130":{"start":{"line":294,"column":4},"end":{"line":305,"column":6}},"131":{"start":{"line":295,"column":8},"end":{"line":298,"column":29}},"132":{"start":{"line":300,"column":8},"end":{"line":304,"column":9}},"133":{"start":{"line":302,"column":11},"end":{"line":302,"column":39}},"134":{"start":{"line":303,"column":11},"end":{"line":303,"column":25}}},"branchMap":{}},"C:\\Users\\Kinzi\\Desktop\\omo\\mentome\\MentoMeFront\\ibar\\app.js":{"path":"C:\\Users\\Kinzi\\Desktop\\omo\\mentome\\MentoMeFront\\ibar\\app.js","s":{"1":1,"2":1,"3":1,"4":1,"5":1,"6":1,"7":1,"8":1,"9":1,"10":1,"11":1,"12":1,"13":1,"14":1,"15":1,"16":1,"17":1,"18":1,"19":1,"20":1,"21":1,"22":1,"23":1,"24":1,"25":1,"26":1,"27":1,"28":1,"29":1,"30":1,"31":1,"32":1,"33":1,"34":1,"35":1,"36":1,"37":0,"38":0,"39":1,"40":1,"41":1,"42":0,"43":0,"44":1,"45":0,"46":0,"47":1,"48":1,"49":1,"50":1,"51":1,"52":1,"53":0,"54":1,"55":0,"56":1,"57":0,"58":0,"59":0,"60":0,"61":1,"62":0,"63":0,"64":0,"65":0,"66":1,"67":0,"68":0,"69":0,"70":0,"71":1,"72":0,"73":0,"74":1},"b":{"1":[1,0],"2":[0,0],"3":[0,0],"4":[0,0]},"f":{"1":1,"2":1,"3":1,"4":0,"5":0,"6":0,"7":0,"8":0},"fnMap":{"1":{"name":"(anonymous_1)","line":43,"loc":{"start":{"line":43,"column":50},"end":{"line":43,"column":61}}},"2":{"name":"(anonymous_2)","line":47,"loc":{"start":{"line":47,"column":24},"end":{"line":47,"column":35}}},"3":{"name":"(anonymous_3)","line":49,"loc":{"start":{"line":49,"column":15},"end":{"line":49,"column":26}}},"4":{"name":"(anonymous_4)","line":54,"loc":{"start":{"line":54,"column":13},"end":{"line":54,"column":24}}},"5":{"name":"handleDbError","line":94,"loc":{"start":{"line":94,"column":8},"end":{"line":94,"column":50}}},"6":{"name":"handleMailError","line":107,"loc":{"start":{"line":107,"column":10},"end":{"line":107,"column":54}}},"7":{"name":"handleUploadError","line":120,"loc":{"start":{"line":120,"column":12},"end":{"line":120,"column":58}}},"8":{"name":"(anonymous_8)","line":133,"loc":{"start":{"line":133,"column":8},"end":{"line":133,"column":36}}}},"statementMap":{"1":{"start":{"line":1,"column":0},"end":{"line":1,"column":33}},"2":{"start":{"line":2,"column":0},"end":{"line":2,"column":27}},"3":{"start":{"line":3,"column":0},"end":{"line":3,"column":39}},"4":{"start":{"line":4,"column":0},"end":{"line":4,"column":31}},"5":{"start":{"line":5,"column":0},"end":{"line":5,"column":44}},"6":{"start":{"line":6,"column":0},"end":{"line":6,"column":40}},"7":{"start":{"line":7,"column":0},"end":{"line":7,"column":27}},"8":{"start":{"line":8,"column":0},"end":{"line":8,"column":31}},"9":{"start":{"line":9,"column":0},"end":{"line":9,"column":42}},"10":{"start":{"line":10,"column":0},"end":{"line":10,"column":84}},"11":{"start":{"line":12,"column":0},"end":{"line":12,"column":35}},"12":{"start":{"line":13,"column":0},"end":{"line":13,"column":35}},"13":{"start":{"line":15,"column":0},"end":{"line":15,"column":38}},"14":{"start":{"line":16,"column":0},"end":{"line":16,"column":29}},"15":{"start":{"line":17,"column":0},"end":{"line":17,"column":27}},"16":{"start":{"line":20,"column":0},"end":{"line":20,"column":20}},"17":{"start":{"line":22,"column":0},"end":{"line":22,"column":37}},"18":{"start":{"line":30,"column":0},"end":{"line":30,"column":25}},"19":{"start":{"line":31,"column":0},"end":{"line":31,"column":18}},"20":{"start":{"line":32,"column":0},"end":{"line":32,"column":16}},"21":{"start":{"line":33,"column":0},"end":{"line":33,"column":27}},"22":{"start":{"line":34,"column":0},"end":{"line":34,"column":31}},"23":{"start":{"line":35,"column":0},"end":{"line":35,"column":28}},"24":{"start":{"line":37,"column":0},"end":{"line":37,"column":39}},"25":{"start":{"line":38,"column":0},"end":{"line":38,"column":52}},"26":{"start":{"line":39,"column":0},"end":{"line":39,"column":24}},"27":{"start":{"line":40,"column":0},"end":{"line":40,"column":56}},"28":{"start":{"line":41,"column":1},"end":{"line":41,"column":25}},"29":{"start":{"line":43,"column":0},"end":{"line":45,"column":3}},"30":{"start":{"line":44,"column":2},"end":{"line":44,"column":57}},"31":{"start":{"line":47,"column":0},"end":{"line":58,"column":2}},"32":{"start":{"line":48,"column":2},"end":{"line":48,"column":33}},"33":{"start":{"line":49,"column":2},"end":{"line":52,"column":5}},"34":{"start":{"line":50,"column":4},"end":{"line":50,"column":46}},"35":{"start":{"line":51,"column":4},"end":{"line":51,"column":19}},"36":{"start":{"line":54,"column":2},"end":{"line":57,"column":16}},"37":{"start":{"line":55,"column":4},"end":{"line":55,"column":57}},"38":{"start":{"line":56,"column":4},"end":{"line":56,"column":19}},"39":{"start":{"line":60,"column":0},"end":{"line":60,"column":41}},"40":{"start":{"line":62,"column":0},"end":{"line":62,"column":40}},"41":{"start":{"line":63,"column":0},"end":{"line":69,"column":3}},"42":{"start":{"line":64,"column":2},"end":{"line":64,"column":71}},"43":{"start":{"line":67,"column":2},"end":{"line":67,"column":67}},"44":{"start":{"line":71,"column":0},"end":{"line":74,"column":2}},"45":{"start":{"line":72,"column":2},"end":{"line":72,"column":55}},"46":{"start":{"line":73,"column":2},"end":{"line":73,"column":18}},"47":{"start":{"line":78,"column":0},"end":{"line":78,"column":53}},"48":{"start":{"line":79,"column":0},"end":{"line":79,"column":54}},"49":{"start":{"line":80,"column":0},"end":{"line":80,"column":55}},"50":{"start":{"line":81,"column":0},"end":{"line":81,"column":52}},"51":{"start":{"line":82,"column":0},"end":{"line":82,"column":51}},"52":{"start":{"line":84,"column":0},"end":{"line":86,"column":3}},"53":{"start":{"line":85,"column":2},"end":{"line":85,"column":32}},"54":{"start":{"line":89,"column":0},"end":{"line":91,"column":3}},"55":{"start":{"line":90,"column":2},"end":{"line":90,"column":58}},"56":{"start":{"line":94,"column":0},"end":{"line":106,"column":3}},"57":{"start":{"line":95,"column":2},"end":{"line":104,"column":3}},"58":{"start":{"line":96,"column":4},"end":{"line":96,"column":39}},"59":{"start":{"line":97,"column":4},"end":{"line":100,"column":6}},"60":{"start":{"line":103,"column":4},"end":{"line":103,"column":15}},"61":{"start":{"line":107,"column":2},"end":{"line":119,"column":5}},"62":{"start":{"line":108,"column":4},"end":{"line":117,"column":5}},"63":{"start":{"line":109,"column":6},"end":{"line":109,"column":41}},"64":{"start":{"line":110,"column":6},"end":{"line":113,"column":8}},"65":{"start":{"line":116,"column":6},"end":{"line":116,"column":17}},"66":{"start":{"line":120,"column":4},"end":{"line":132,"column":3}},"67":{"start":{"line":121,"column":6},"end":{"line":130,"column":7}},"68":{"start":{"line":122,"column":8},"end":{"line":122,"column":43}},"69":{"start":{"line":123,"column":8},"end":{"line":126,"column":10}},"70":{"start":{"line":129,"column":8},"end":{"line":129,"column":20}},"71":{"start":{"line":133,"column":0},"end":{"line":141,"column":3}},"72":{"start":{"line":135,"column":4},"end":{"line":135,"column":39}},"73":{"start":{"line":136,"column":4},"end":{"line":139,"column":6}},"74":{"start":{"line":144,"column":0},"end":{"line":144,"column":21}}},"branchMap":{"1":{"line":43,"type":"binary-expr","locations":[{"start":{"line":43,"column":24},"end":{"line":43,"column":40}},{"start":{"line":43,"column":44},"end":{"line":43,"column":48}}]},"2":{"line":95,"type":"if","locations":[{"start":{"line":95,"column":2},"end":{"line":95,"column":2}},{"start":{"line":95,"column":2},"end":{"line":95,"column":2}}]},"3":{"line":108,"type":"if","locations":[{"start":{"line":108,"column":4},"end":{"line":108,"column":4}},{"start":{"line":108,"column":4},"end":{"line":108,"column":4}}]},"4":{"line":121,"type":"if","locations":[{"start":{"line":121,"column":6},"end":{"line":121,"column":6}},{"start":{"line":121,"column":6},"end":{"line":121,"column":6}}]}}},"C:\\Users\\Kinzi\\Desktop\\omo\\mentome\\MentoMeFront\\ibar\\config\\database.js":{"path":"C:\\Users\\Kinzi\\Desktop\\omo\\mentome\\MentoMeFront\\ibar\\config\\database.js","s":{"1":1,"2":1},"b":{},"f":{},"fnMap":{},"statementMap":{"1":{"start":{"line":2,"column":0},"end":{"line":2,"column":27}},"2":{"start":{"line":3,"column":0},"end":{"line":12,"column":1}}},"branchMap":{}},"C:\\Users\\Kinzi\\Desktop\\omo\\mentome\\MentoMeFront\\ibar\\helper\\custom-errors.js":{"path":"C:\\Users\\Kinzi\\Desktop\\omo\\mentome\\MentoMeFront\\ibar\\helper\\custom-errors.js","s":{"1":0,"2":0,"3":0,"4":1},"b":{},"f":{"1":0,"2":0,"3":0},"fnMap":{"1":{"name":"(anonymous_1)","line":2,"loc":{"start":{"line":2,"column":15},"end":{"line":2,"column":24}}},"2":{"name":"(anonymous_2)","line":7,"loc":{"start":{"line":7,"column":15},"end":{"line":7,"column":24}}},"3":{"name":"(anonymous_3)","line":13,"loc":{"start":{"line":13,"column":15},"end":{"line":13,"column":24}}}},"statementMap":{"1":{"start":{"line":3,"column":8},"end":{"line":3,"column":23}},"2":{"start":{"line":8,"column":8},"end":{"line":8,"column":23}},"3":{"start":{"line":14,"column":8},"end":{"line":14,"column":23}},"4":{"start":{"line":18,"column":0},"end":{"line":22,"column":1}}},"branchMap":{}},"C:\\Users\\Kinzi\\Desktop\\omo\\mentome\\MentoMeFront\\ibar\\routes\\index.js":{"path":"C:\\Users\\Kinzi\\Desktop\\omo\\mentome\\MentoMeFront\\ibar\\routes\\index.js","s":{"1":1,"2":1,"3":1,"4":1,"5":1,"6":1,"7":1,"8":1,"9":1,"10":1,"11":1,"12":1,"13":1,"14":1,"15":1,"16":1,"17":1,"18":1,"19":1},"b":{},"f":{},"fnMap":{},"statementMap":{"1":{"start":{"line":1,"column":0},"end":{"line":1,"column":33}},"2":{"start":{"line":2,"column":0},"end":{"line":2,"column":30}},"3":{"start":{"line":3,"column":0},"end":{"line":3,"column":37}},"4":{"start":{"line":5,"column":0},"end":{"line":5,"column":71}},"5":{"start":{"line":7,"column":0},"end":{"line":7,"column":70}},"6":{"start":{"line":8,"column":0},"end":{"line":8,"column":64}},"7":{"start":{"line":10,"column":0},"end":{"line":10,"column":52}},"8":{"start":{"line":11,"column":0},"end":{"line":11,"column":54}},"9":{"start":{"line":12,"column":0},"end":{"line":12,"column":58}},"10":{"start":{"line":13,"column":0},"end":{"line":13,"column":52}},"11":{"start":{"line":14,"column":0},"end":{"line":14,"column":53}},"12":{"start":{"line":15,"column":0},"end":{"line":15,"column":59}},"13":{"start":{"line":16,"column":0},"end":{"line":16,"column":65}},"14":{"start":{"line":17,"column":0},"end":{"line":17,"column":75}},"15":{"start":{"line":18,"column":0},"end":{"line":18,"column":47}},"16":{"start":{"line":19,"column":0},"end":{"line":19,"column":69}},"17":{"start":{"line":20,"column":0},"end":{"line":20,"column":66}},"18":{"start":{"line":21,"column":0},"end":{"line":21,"column":50}},"19":{"start":{"line":29,"column":0},"end":{"line":29,"column":24}}},"branchMap":{}},"C:\\Users\\Kinzi\\Desktop\\omo\\mentome\\MentoMeFront\\ibar\\config\\config.js":{"path":"C:\\Users\\Kinzi\\Desktop\\omo\\mentome\\MentoMeFront\\ibar\\config\\config.js","s":{"1":1,"2":1,"3":1,"4":1},"b":{},"f":{},"fnMap":{},"statementMap":{"1":{"start":{"line":1,"column":0},"end":{"line":1,"column":37}},"2":{"start":{"line":3,"column":0},"end":{"line":3,"column":29}},"3":{"start":{"line":4,"column":0},"end":{"line":4,"column":24}},"4":{"start":{"line":6,"column":0},"end":{"line":6,"column":22}}},"branchMap":{}},"C:\\Users\\Kinzi\\Desktop\\omo\\mentome\\MentoMeFront\\ibar\\config\\passport.js":{"path":"C:\\Users\\Kinzi\\Desktop\\omo\\mentome\\MentoMeFront\\ibar\\config\\passport.js","s":{"1":1,"2":1,"3":1,"4":1,"5":1,"6":1,"7":1,"8":1,"9":1,"10":4,"11":4,"12":4,"13":0,"14":0},"b":{"1":[4,0]},"f":{"1":1,"2":4},"fnMap":{"1":{"name":"(anonymous_1)","line":9,"loc":{"start":{"line":9,"column":15},"end":{"line":9,"column":33}}},"2":{"name":"(anonymous_2)","line":15,"loc":{"start":{"line":15,"column":36},"end":{"line":15,"column":62}}}},"statementMap":{"1":{"start":{"line":1,"column":0},"end":{"line":1,"column":53}},"2":{"start":{"line":2,"column":0},"end":{"line":2,"column":54}},"3":{"start":{"line":4,"column":0},"end":{"line":4,"column":44}},"4":{"start":{"line":5,"column":0},"end":{"line":5,"column":53}},"5":{"start":{"line":9,"column":0},"end":{"line":30,"column":1}},"6":{"start":{"line":10,"column":1},"end":{"line":10,"column":12}},"7":{"start":{"line":12,"column":1},"end":{"line":12,"column":66}},"8":{"start":{"line":13,"column":1},"end":{"line":13,"column":42}},"9":{"start":{"line":15,"column":1},"end":{"line":29,"column":5}},"10":{"start":{"line":18,"column":4},"end":{"line":28,"column":42}},"11":{"start":{"line":22,"column":5},"end":{"line":26,"column":6}},"12":{"start":{"line":23,"column":6},"end":{"line":23,"column":33}},"13":{"start":{"line":25,"column":6},"end":{"line":25,"column":31}},"14":{"start":{"line":28,"column":20},"end":{"line":28,"column":40}}},"branchMap":{"1":{"line":22,"type":"if","locations":[{"start":{"line":22,"column":5},"end":{"line":22,"column":5}},{"start":{"line":22,"column":5},"end":{"line":22,"column":5}}]}}},"C:\\Users\\Kinzi\\Desktop\\omo\\mentome\\MentoMeFront\\ibar\\components\\token\\router.js":{"path":"C:\\Users\\Kinzi\\Desktop\\omo\\mentome\\MentoMeFront\\ibar\\components\\token\\router.js","s":{"1":1,"2":1,"3":1,"4":1,"5":1,"6":1,"7":1,"8":1},"b":{},"f":{},"fnMap":{},"statementMap":{"1":{"start":{"line":1,"column":0},"end":{"line":1,"column":33}},"2":{"start":{"line":2,"column":0},"end":{"line":2,"column":30}},"3":{"start":{"line":3,"column":0},"end":{"line":3,"column":37}},"4":{"start":{"line":7,"column":0},"end":{"line":7,"column":70}},"5":{"start":{"line":8,"column":0},"end":{"line":8,"column":48}},"6":{"start":{"line":12,"column":0},"end":{"line":12,"column":65}},"7":{"start":{"line":13,"column":0},"end":{"line":13,"column":53}},"8":{"start":{"line":15,"column":0},"end":{"line":15,"column":24}}},"branchMap":{}},"C:\\Users\\Kinzi\\Desktop\\omo\\mentome\\MentoMeFront\\ibar\\components\\mentor\\router.js":{"path":"C:\\Users\\Kinzi\\Desktop\\omo\\mentome\\MentoMeFront\\ibar\\components\\mentor\\router.js","s":{"1":1,"2":1,"3":1,"4":1,"5":1,"6":1},"b":{},"f":{},"fnMap":{},"statementMap":{"1":{"start":{"line":1,"column":0},"end":{"line":1,"column":33}},"2":{"start":{"line":2,"column":0},"end":{"line":2,"column":30}},"3":{"start":{"line":3,"column":0},"end":{"line":3,"column":49}},"4":{"start":{"line":8,"column":0},"end":{"line":8,"column":58}},"5":{"start":{"line":9,"column":0},"end":{"line":9,"column":58}},"6":{"start":{"line":12,"column":0},"end":{"line":12,"column":23}}},"branchMap":{}},"C:\\Users\\Kinzi\\Desktop\\omo\\mentome\\MentoMeFront\\ibar\\components\\comment\\router.js":{"path":"C:\\Users\\Kinzi\\Desktop\\omo\\mentome\\MentoMeFront\\ibar\\components\\comment\\router.js","s":{"1":1,"2":1,"3":1,"4":1,"5":1,"6":1},"b":{},"f":{},"fnMap":{},"statementMap":{"1":{"start":{"line":1,"column":0},"end":{"line":1,"column":33}},"2":{"start":{"line":2,"column":0},"end":{"line":2,"column":30}},"3":{"start":{"line":4,"column":0},"end":{"line":4,"column":50}},"4":{"start":{"line":9,"column":0},"end":{"line":9,"column":57}},"5":{"start":{"line":10,"column":0},"end":{"line":10,"column":57}},"6":{"start":{"line":13,"column":0},"end":{"line":13,"column":23}}},"branchMap":{}},"C:\\Users\\Kinzi\\Desktop\\omo\\mentome\\MentoMeFront\\ibar\\components\\user\\router.js":{"path":"C:\\Users\\Kinzi\\Desktop\\omo\\mentome\\MentoMeFront\\ibar\\components\\user\\router.js","s":{"1":1,"2":1,"3":1,"4":1,"5":1,"6":1,"7":1,"8":1,"9":1,"10":1,"11":1,"12":1,"13":1,"14":1},"b":{},"f":{},"fnMap":{},"statementMap":{"1":{"start":{"line":1,"column":0},"end":{"line":1,"column":33}},"2":{"start":{"line":2,"column":0},"end":{"line":2,"column":30}},"3":{"start":{"line":3,"column":0},"end":{"line":3,"column":47}},"4":{"start":{"line":5,"column":0},"end":{"line":5,"column":52}},"5":{"start":{"line":6,"column":0},"end":{"line":6,"column":54}},"6":{"start":{"line":7,"column":0},"end":{"line":7,"column":50}},"7":{"start":{"line":8,"column":0},"end":{"line":8,"column":52}},"8":{"start":{"line":9,"column":0},"end":{"line":9,"column":59}},"9":{"start":{"line":10,"column":0},"end":{"line":10,"column":65}},"10":{"start":{"line":11,"column":0},"end":{"line":11,"column":75}},"11":{"start":{"line":12,"column":0},"end":{"line":12,"column":69}},"12":{"start":{"line":13,"column":0},"end":{"line":13,"column":66}},"13":{"start":{"line":16,"column":0},"end":{"line":16,"column":50}},"14":{"start":{"line":19,"column":0},"end":{"line":19,"column":24}}},"branchMap":{}},"C:\\Users\\Kinzi\\Desktop\\omo\\mentome\\MentoMeFront\\ibar\\components\\job\\router.js":{"path":"C:\\Users\\Kinzi\\Desktop\\omo\\mentome\\MentoMeFront\\ibar\\components\\job\\router.js","s":{"1":1,"2":1,"3":1,"4":1,"5":1,"6":1,"7":1},"b":{},"f":{},"fnMap":{},"statementMap":{"1":{"start":{"line":1,"column":0},"end":{"line":1,"column":33}},"2":{"start":{"line":2,"column":0},"end":{"line":2,"column":30}},"3":{"start":{"line":3,"column":0},"end":{"line":3,"column":37}},"4":{"start":{"line":5,"column":0},"end":{"line":5,"column":46}},"5":{"start":{"line":8,"column":0},"end":{"line":8,"column":53}},"6":{"start":{"line":9,"column":0},"end":{"line":9,"column":47}},"7":{"start":{"line":13,"column":0},"end":{"line":13,"column":24}}},"branchMap":{}}}