TN:
SF:C:\Users\Kinzi\Desktop\omo\mentome\MentoMeFront\ibar\components\user\user.spec.js
FN:14,(anonymous_1)
FN:29,(anonymous_2)
FN:33,(anonymous_3)
FN:39,(anonymous_4)
FN:43,(anonymous_5)
FN:50,(anonymous_6)
FN:54,(anonymous_7)
FN:63,(anonymous_8)
FN:74,(anonymous_9)
FN:79,(anonymous_10)
FN:86,(anonymous_11)
FN:91,(anonymous_12)
FN:100,(anonymous_13)
FN:104,(anonymous_14)
FN:108,(anonymous_15)
FN:111,(anonymous_16)
FN:122,(anonymous_17)
FN:127,(anonymous_18)
FN:128,(anonymous_19)
FN:132,(anonymous_20)
FN:140,(anonymous_21)
FN:141,(anonymous_22)
FN:145,(anonymous_23)
FN:153,(anonymous_24)
FN:158,(anonymous_25)
FN:163,(anonymous_26)
FN:173,(anonymous_27)
FN:178,(anonymous_28)
FN:182,(anonymous_29)
FN:193,(anonymous_30)
FN:194,(anonymous_31)
FN:196,(anonymous_32)
FN:205,(anonymous_33)
FN:208,(anonymous_34)
FN:213,(anonymous_35)
FN:220,(anonymous_36)
FN:224,(anonymous_37)
FN:232,(anonymous_38)
FN:236,(anonymous_39)
FN:241,(anonymous_40)
FN:250,(anonymous_41)
FN:255,(anonymous_42)
FN:269,loginStudent
FN:274,(anonymous_44)
FN:280,onResponse
FN:289,loginUser
FN:294,(anonymous_47)
FN:300,onResponse
FNF:48
FNH:46
FNDA:1,(anonymous_1)
FNDA:1,(anonymous_2)
FNDA:1,(anonymous_3)
FNDA:1,(anonymous_4)
FNDA:1,(anonymous_5)
FNDA:1,(anonymous_6)
FNDA:1,(anonymous_7)
FNDA:1,(anonymous_8)
FNDA:1,(anonymous_9)
FNDA:1,(anonymous_10)
FNDA:1,(anonymous_11)
FNDA:1,(anonymous_12)
FNDA:1,(anonymous_13)
FNDA:1,(anonymous_14)
FNDA:1,(anonymous_15)
FNDA:1,(anonymous_16)
FNDA:1,(anonymous_17)
FNDA:1,(anonymous_18)
FNDA:1,(anonymous_19)
FNDA:1,(anonymous_20)
FNDA:1,(anonymous_21)
FNDA:1,(anonymous_22)
FNDA:1,(anonymous_23)
FNDA:1,(anonymous_24)
FNDA:1,(anonymous_25)
FNDA:1,(anonymous_26)
FNDA:1,(anonymous_27)
FNDA:1,(anonymous_28)
FNDA:1,(anonymous_29)
FNDA:1,(anonymous_30)
FNDA:1,(anonymous_31)
FNDA:1,(anonymous_32)
FNDA:1,(anonymous_33)
FNDA:1,(anonymous_34)
FNDA:0,(anonymous_35)
FNDA:1,(anonymous_36)
FNDA:0,(anonymous_37)
FNDA:1,(anonymous_38)
FNDA:1,(anonymous_39)
FNDA:1,(anonymous_40)
FNDA:1,(anonymous_41)
FNDA:1,(anonymous_42)
FNDA:1,loginStudent
FNDA:1,(anonymous_44)
FNDA:1,onResponse
FNDA:6,loginUser
FNDA:6,(anonymous_47)
FNDA:6,onResponse
DA:1,1
DA:2,1
DA:3,1
DA:4,1
DA:5,1
DA:6,1
DA:11,1
DA:12,1
DA:13,1
DA:14,1
DA:15,1
DA:22,1
DA:29,1
DA:30,1
DA:34,1
DA:35,1
DA:36,0
DA:39,1
DA:40,1
DA:44,1
DA:45,1
DA:46,0
DA:50,1
DA:51,1
DA:55,1
DA:56,1
DA:57,1
DA:63,1
DA:64,1
DA:68,1
DA:72,1
DA:74,1
DA:76,1
DA:80,1
DA:81,1
DA:82,1
DA:83,1
DA:86,1
DA:88,1
DA:92,1
DA:93,1
DA:94,1
DA:95,1
DA:100,1
DA:101,1
DA:104,1
DA:107,1
DA:108,1
DA:109,1
DA:113,1
DA:114,1
DA:116,1
DA:122,1
DA:123,1
DA:124,1
DA:127,1
DA:128,1
DA:129,1
DA:133,1
DA:134,1
DA:135,1
DA:136,1
DA:140,1
DA:141,1
DA:142,1
DA:146,1
DA:147,1
DA:148,1
DA:153,1
DA:154,1
DA:157,1
DA:158,1
DA:159,1
DA:165,1
DA:166,1
DA:167,1
DA:168,1
DA:173,1
DA:174,1
DA:177,1
DA:178,1
DA:179,1
DA:184,1
DA:185,1
DA:186,1
DA:193,1
DA:194,1
DA:195,1
DA:197,1
DA:198,1
DA:199,1
DA:200,1
DA:201,1
DA:205,1
DA:207,1
DA:208,1
DA:209,1
DA:214,0
DA:215,0
DA:216,0
DA:217,0
DA:220,1
DA:221,1
DA:225,0
DA:226,0
DA:227,0
DA:232,1
DA:233,1
DA:234,1
DA:235,1
DA:236,1
DA:237,1
DA:243,1
DA:244,1
DA:245,1
DA:250,1
DA:251,1
DA:257,1
DA:258,1
DA:259,1
DA:269,1
DA:270,1
DA:274,1
DA:275,1
DA:280,1
DA:282,1
DA:283,1
DA:289,1
DA:290,6
DA:294,6
DA:295,6
DA:300,1
DA:302,6
DA:303,6
LF:134
LH:125
BRF:0
BRH:0
end_of_record
TN:
SF:C:\Users\Kinzi\Desktop\omo\mentome\MentoMeFront\ibar\app.js
FN:43,(anonymous_1)
FN:47,(anonymous_2)
FN:49,(anonymous_3)
FN:54,(anonymous_4)
FN:94,handleDbError
FN:107,handleMailError
FN:120,handleUploadError
FN:133,(anonymous_8)
FNF:8
FNH:3
FNDA:1,(anonymous_1)
FNDA:1,(anonymous_2)
FNDA:1,(anonymous_3)
FNDA:0,(anonymous_4)
FNDA:0,handleDbError
FNDA:0,handleMailError
FNDA:0,handleUploadError
FNDA:0,(anonymous_8)
DA:1,1
DA:2,1
DA:3,1
DA:4,1
DA:5,1
DA:6,1
DA:7,1
DA:8,1
DA:9,1
DA:10,1
DA:12,1
DA:13,1
DA:15,1
DA:16,1
DA:17,1
DA:20,1
DA:22,1
DA:30,1
DA:31,1
DA:32,1
DA:33,1
DA:34,1
DA:35,1
DA:37,1
DA:38,1
DA:39,1
DA:40,1
DA:41,1
DA:43,1
DA:44,1
DA:47,1
DA:48,1
DA:49,1
DA:50,1
DA:51,1
DA:54,1
DA:55,0
DA:56,0
DA:60,1
DA:62,1
DA:63,1
DA:64,0
DA:67,0
DA:71,1
DA:72,0
DA:73,0
DA:78,1
DA:79,1
DA:80,1
DA:81,1
DA:82,1
DA:84,1
DA:85,0
DA:89,1
DA:90,0
DA:94,1
DA:95,0
DA:96,0
DA:97,0
DA:103,0
DA:107,1
DA:108,0
DA:109,0
DA:110,0
DA:116,0
DA:120,1
DA:121,0
DA:122,0
DA:123,0
DA:129,0
DA:133,1
DA:135,0
DA:136,0
DA:144,1
LF:74
LH:52
BRDA:43,1,0,1
BRDA:43,1,1,0
BRDA:95,2,0,0
BRDA:95,2,1,0
BRDA:108,3,0,0
BRDA:108,3,1,0
BRDA:121,4,0,0
BRDA:121,4,1,0
BRF:8
BRH:1
end_of_record
TN:
SF:C:\Users\Kinzi\Desktop\omo\mentome\MentoMeFront\ibar\config\database.js
FNF:0
FNH:0
DA:2,1
DA:3,1
LF:2
LH:2
BRF:0
BRH:0
end_of_record
TN:
SF:C:\Users\Kinzi\Desktop\omo\mentome\MentoMeFront\ibar\helper\custom-errors.js
FN:2,(anonymous_1)
FN:7,(anonymous_2)
FN:13,(anonymous_3)
FNF:3
FNH:0
FNDA:0,(anonymous_1)
FNDA:0,(anonymous_2)
FNDA:0,(anonymous_3)
DA:3,0
DA:8,0
DA:14,0
DA:18,1
LF:4
LH:1
BRF:0
BRH:0
end_of_record
TN:
SF:C:\Users\Kinzi\Desktop\omo\mentome\MentoMeFront\ibar\routes\index.js
FNF:0
FNH:0
DA:1,1
DA:2,1
DA:3,1
DA:5,1
DA:7,1
DA:8,1
DA:10,1
DA:11,1
DA:12,1
DA:13,1
DA:14,1
DA:15,1
DA:16,1
DA:17,1
DA:18,1
DA:19,1
DA:20,1
DA:21,1
DA:29,1
LF:19
LH:19
BRF:0
BRH:0
end_of_record
TN:
SF:C:\Users\Kinzi\Desktop\omo\mentome\MentoMeFront\ibar\config\config.js
FNF:0
FNH:0
DA:1,1
DA:3,1
DA:4,1
DA:6,1
LF:4
LH:4
BRF:0
BRH:0
end_of_record
TN:
SF:C:\Users\Kinzi\Desktop\omo\mentome\MentoMeFront\ibar\config\passport.js
FN:9,(anonymous_1)
FN:15,(anonymous_2)
FNF:2
FNH:2
FNDA:1,(anonymous_1)
FNDA:4,(anonymous_2)
DA:1,1
DA:2,1
DA:4,1
DA:5,1
DA:9,1
DA:10,1
DA:12,1
DA:13,1
DA:15,1
DA:18,4
DA:22,4
DA:23,4
DA:25,0
DA:28,0
LF:14
LH:12
BRDA:22,1,0,4
BRDA:22,1,1,0
BRF:2
BRH:1
end_of_record
TN:
SF:C:\Users\Kinzi\Desktop\omo\mentome\MentoMeFront\ibar\components\token\router.js
FNF:0
FNH:0
DA:1,1
DA:2,1
DA:3,1
DA:7,1
DA:8,1
DA:12,1
DA:13,1
DA:15,1
LF:8
LH:8
BRF:0
BRH:0
end_of_record
TN:
SF:C:\Users\Kinzi\Desktop\omo\mentome\MentoMeFront\ibar\components\mentor\router.js
FNF:0
FNH:0
DA:1,1
DA:2,1
DA:3,1
DA:8,1
DA:9,1
DA:12,1
LF:6
LH:6
BRF:0
BRH:0
end_of_record
TN:
SF:C:\Users\Kinzi\Desktop\omo\mentome\MentoMeFront\ibar\components\comment\router.js
FNF:0
FNH:0
DA:1,1
DA:2,1
DA:4,1
DA:9,1
DA:10,1
DA:13,1
LF:6
LH:6
BRF:0
BRH:0
end_of_record
TN:
SF:C:\Users\Kinzi\Desktop\omo\mentome\MentoMeFront\ibar\components\user\router.js
FNF:0
FNH:0
DA:1,1
DA:2,1
DA:3,1
DA:5,1
DA:6,1
DA:7,1
DA:8,1
DA:9,1
DA:10,1
DA:11,1
DA:12,1
DA:13,1
DA:16,1
DA:19,1
LF:14
LH:14
BRF:0
BRH:0
end_of_record
TN:
SF:C:\Users\Kinzi\Desktop\omo\mentome\MentoMeFront\ibar\components\job\router.js
FNF:0
FNH:0
DA:1,1
DA:2,1
DA:3,1
DA:5,1
DA:8,1
DA:9,1
DA:13,1
LF:7
LH:7
BRF:0
BRH:0
end_of_record
